0 info it worked if it ends with ok
1 verbose cli [ 'node', '/usr/local/bin/npm', 'install', '--save', 'mongoose' ]
2 info using npm@2.11.2
3 info using node@v0.12.5
4 verbose node symlink /usr/local/bin/node
5 verbose install initial load of /Users/SabastianMacBook/Code/WDI-0401/package.json
6 warn package.json mongo-practice@1.0.0 No repository field.
7 warn package.json mongo-practice@1.0.0 No README data
8 verbose installManyTop reading scoped package data from /Users/SabastianMacBook/Code/WDI-0401/node_modules/body/package.json
9 verbose installManyTop reading scoped package data from /Users/SabastianMacBook/Code/WDI-0401/node_modules/express/package.json
10 verbose installManyTop reading scoped package data from /Users/SabastianMacBook/Code/WDI-0401/node_modules/mongoose/package.json
11 verbose installManyTop reading scoped package data from /Users/SabastianMacBook/Code/WDI-0401/node_modules/parser/package.json
12 info package.json parser@0.1.4 No license field.
13 info package.json body@5.1.0 No license field.
14 verbose readDependencies loading dependencies from /Users/SabastianMacBook/Code/WDI-0401/package.json
15 verbose install mongoose is installed as 4.0.7
16 silly cache add args [ 'mongoose@^4.0.7', null ]
17 verbose cache add spec mongoose@^4.0.7
18 silly cache add parsed spec { raw: 'mongoose@^4.0.7',
18 silly cache add   scope: null,
18 silly cache add   name: 'mongoose',
18 silly cache add   rawSpec: '^4.0.7',
18 silly cache add   spec: '>=4.0.7 <5.0.0',
18 silly cache add   type: 'range' }
19 silly addNamed mongoose@>=4.0.7 <5.0.0
20 verbose addNamed ">=4.0.7 <5.0.0" is a valid semver range for mongoose
21 silly addNameRange { name: 'mongoose', range: '>=4.0.7 <5.0.0', hasData: false }
22 silly mapToRegistry name mongoose
23 silly mapToRegistry using default registry
24 silly mapToRegistry registry https://registry.npmjs.org/
25 silly mapToRegistry uri https://registry.npmjs.org/mongoose
26 verbose addNameRange registry:https://registry.npmjs.org/mongoose not in flight; fetching
27 verbose request uri https://registry.npmjs.org/mongoose
28 verbose request no auth needed
29 info attempt registry request try #1 at 13:47:55
30 verbose request id f1c0add170292988
31 verbose etag "4LLC6FJ7QPKQKUVDNK3ELJQ2H"
32 http request GET https://registry.npmjs.org/mongoose
33 http 304 https://registry.npmjs.org/mongoose
34 silly get cb [ 304,
34 silly get   { date: 'Mon, 13 Jul 2015 20:47:55 GMT',
34 silly get     via: '1.1 varnish',
34 silly get     'cache-control': 'max-age=60',
34 silly get     etag: '"4LLC6FJ7QPKQKUVDNK3ELJQ2H"',
34 silly get     age: '11',
34 silly get     connection: 'keep-alive',
34 silly get     'x-served-by': 'cache-sjc3133-SJC',
34 silly get     'x-cache': 'HIT',
34 silly get     'x-cache-hits': '1',
34 silly get     'x-timer': 'S1436820475.508015,VS0,VE1',
34 silly get     vary: 'Accept' } ]
35 verbose etag https://registry.npmjs.org/mongoose from cache
36 verbose get saving mongoose to /Users/SabastianMacBook/.npm/registry.npmjs.org/mongoose/.cache.json
37 silly addNameRange number 2 { name: 'mongoose', range: '>=4.0.7 <5.0.0', hasData: true }
38 silly addNameRange versions [ 'mongoose',
38 silly addNameRange   [ '0.0.1',
38 silly addNameRange     '0.0.2',
38 silly addNameRange     '0.0.3',
38 silly addNameRange     '0.0.4',
38 silly addNameRange     '0.0.5',
38 silly addNameRange     '1.0.0',
38 silly addNameRange     '1.0.1',
38 silly addNameRange     '1.0.2',
38 silly addNameRange     '0.0.6',
38 silly addNameRange     '1.0.3',
38 silly addNameRange     '1.0.4',
38 silly addNameRange     '1.0.5',
38 silly addNameRange     '1.0.6',
38 silly addNameRange     '1.0.7',
38 silly addNameRange     '1.0.8',
38 silly addNameRange     '1.0.10',
38 silly addNameRange     '1.0.11',
38 silly addNameRange     '1.0.12',
38 silly addNameRange     '1.0.13',
38 silly addNameRange     '1.0.14',
38 silly addNameRange     '1.0.15',
38 silly addNameRange     '1.0.16',
38 silly addNameRange     '1.1.0',
38 silly addNameRange     '1.1.1',
38 silly addNameRange     '1.1.2',
38 silly addNameRange     '1.1.3',
38 silly addNameRange     '1.1.4',
38 silly addNameRange     '1.1.5',
38 silly addNameRange     '1.1.6',
38 silly addNameRange     '1.1.7',
38 silly addNameRange     '1.1.8',
38 silly addNameRange     '1.1.9',
38 silly addNameRange     '1.1.10',
38 silly addNameRange     '1.1.11',
38 silly addNameRange     '1.1.12',
38 silly addNameRange     '1.1.13',
38 silly addNameRange     '1.1.14',
38 silly addNameRange     '1.1.15',
38 silly addNameRange     '1.1.16',
38 silly addNameRange     '1.1.17',
38 silly addNameRange     '1.1.18',
38 silly addNameRange     '1.1.19',
38 silly addNameRange     '1.1.20',
38 silly addNameRange     '1.1.21',
38 silly addNameRange     '1.1.22',
38 silly addNameRange     '1.1.23',
38 silly addNameRange     '1.1.24',
38 silly addNameRange     '1.1.25',
38 silly addNameRange     '1.2.0',
38 silly addNameRange     '1.3.0',
38 silly addNameRange     '1.3.1',
38 silly addNameRange     '1.3.2',
38 silly addNameRange     '1.3.3',
38 silly addNameRange     '1.3.4',
38 silly addNameRange     '1.3.5',
38 silly addNameRange     '1.3.6',
38 silly addNameRange     '1.3.7',
38 silly addNameRange     '1.4.0',
38 silly addNameRange     '1.5.0',
38 silly addNameRange     '1.6.0',
38 silly addNameRange     '1.7.2',
38 silly addNameRange     '1.7.3',
38 silly addNameRange     '1.7.4',
38 silly addNameRange     '1.8.0',
38 silly addNameRange     '1.8.1',
38 silly addNameRange     '1.8.2',
38 silly addNameRange     '1.8.3',
38 silly addNameRange     '1.8.4',
38 silly addNameRange     '2.0.0',
38 silly addNameRange     '2.0.1',
38 silly addNameRange     '2.0.2',
38 silly addNameRange     '2.0.3',
38 silly addNameRange     '2.0.4',
38 silly addNameRange     '2.1.0',
38 silly addNameRange     '2.1.1',
38 silly addNameRange     '2.1.2',
38 silly addNameRange     '2.1.3',
38 silly addNameRange     '2.1.4',
38 silly addNameRange     '2.2.0',
38 silly addNameRange     '2.2.1',
38 silly addNameRange     '2.2.2',
38 silly addNameRange     '2.2.3',
38 silly addNameRange     '2.2.4',
38 silly addNameRange     '2.3.0',
38 silly addNameRange     '2.3.1',
38 silly addNameRange     '2.3.2',
38 silly addNameRange     '2.3.3',
38 silly addNameRange     '2.3.4',
38 silly addNameRange     '2.3.5',
38 silly addNameRange     '2.3.6',
38 silly addNameRange     '2.3.7',
38 silly addNameRange     '2.3.8',
38 silly addNameRange     '2.3.9',
38 silly addNameRange     '2.3.10',
38 silly addNameRange     '2.3.11',
38 silly addNameRange     '2.3.12',
38 silly addNameRange     '2.3.13',
38 silly addNameRange     '2.4.0',
38 silly addNameRange     '2.4.1',
38 silly addNameRange     '2.4.2',
38 silly addNameRange     '2.4.3',
38 silly addNameRange     '2.4.4',
38 silly addNameRange     '2.4.5',
38 silly addNameRange     '2.4.6',
38 silly addNameRange     '2.4.7',
38 silly addNameRange     '2.4.8',
38 silly addNameRange     '2.4.9',
38 silly addNameRange     '2.4.10',
38 silly addNameRange     '2.5.0',
38 silly addNameRange     '2.5.1',
38 silly addNameRange     '2.5.2',
38 silly addNameRange     '2.5.3',
38 silly addNameRange     '2.5.4',
38 silly addNameRange     '2.5.5',
38 silly addNameRange     '2.5.6',
38 silly addNameRange     '2.5.7',
38 silly addNameRange     '2.5.8',
38 silly addNameRange     '2.5.9',
38 silly addNameRange     '2.5.10',
38 silly addNameRange     '2.5.11',
38 silly addNameRange     '2.5.12',
38 silly addNameRange     '2.5.13',
38 silly addNameRange     '2.5.14',
38 silly addNameRange     '2.6.0',
38 silly addNameRange     '2.6.1',
38 silly addNameRange     '2.6.2',
38 silly addNameRange     '2.6.3',
38 silly addNameRange     '2.6.4',
38 silly addNameRange     '2.6.5',
38 silly addNameRange     '2.6.6',
38 silly addNameRange     '2.6.7',
38 silly addNameRange     '2.6.8',
38 silly addNameRange     '2.7.0',
38 silly addNameRange     '2.7.1',
38 silly addNameRange     '2.7.2',
38 silly addNameRange     '2.7.4',
38 silly addNameRange     '2.7.3',
38 silly addNameRange     '3.0.0',
38 silly addNameRange     '3.0.1',
38 silly addNameRange     '3.0.2',
38 silly addNameRange     '2.8.0',
38 silly addNameRange     '3.0.3',
38 silly addNameRange     '3.1.0',
38 silly addNameRange     '2.8.1',
38 silly addNameRange     '3.1.1',
38 silly addNameRange     '2.8.2',
38 silly addNameRange     '2.8.3',
38 silly addNameRange     '2.9.0',
38 silly addNameRange     '3.2.0',
38 silly addNameRange     '2.9.1',
38 silly addNameRange     '3.2.1',
38 silly addNameRange     '2.9.2',
38 silly addNameRange     '3.2.2',
38 silly addNameRange     '3.3.0',
38 silly addNameRange     '3.3.1',
38 silly addNameRange     '2.9.3',
38 silly addNameRange     '3.4.0',
38 silly addNameRange     '2.9.4',
38 silly addNameRange     '2.9.5',
38 silly addNameRange     '3.5.0',
38 silly addNameRange     '3.5.1',
38 silly addNameRange     '3.5.2',
38 silly addNameRange     '3.5.3',
38 silly addNameRange     '2.9.6',
38 silly addNameRange     '2.9.7',
38 silly addNameRange     '3.5.4',
38 silly addNameRange     '3.5.5',
38 silly addNameRange     '2.9.8',
38 silly addNameRange     '2.9.9',
38 silly addNameRange     '3.5.6',
38 silly addNameRange     '3.5.7',
38 silly addNameRange     '3.5.8',
38 silly addNameRange     '2.9.10',
38 silly addNameRange     '3.5.9',
38 silly addNameRange     '3.6.2',
38 silly addNameRange     '3.5.10',
38 silly addNameRange     '3.6.3',
38 silly addNameRange     '3.5.11',
38 silly addNameRange     '3.6.4',
38 silly addNameRange     '3.6.5',
38 silly addNameRange     '3.6.6',
38 silly addNameRange     '3.6.7',
38 silly addNameRange     '3.5.12',
38 silly addNameRange     '3.6.8',
38 silly addNameRange     '3.6.9',
38 silly addNameRange     '3.6.10',
38 silly addNameRange     '3.5.13',
38 silly addNameRange     '3.5.14',
38 silly addNameRange     '3.6.11',
38 silly addNameRange     '3.6.12',
38 silly addNameRange     '3.6.13',
38 silly addNameRange     '3.6.14',
38 silly addNameRange     '3.6.15',
38 silly addNameRange     '3.5.15',
38 silly addNameRange     '3.7.0',
38 silly addNameRange     '3.6.16',
38 silly addNameRange     '3.5.16',
38 silly addNameRange     '3.6.17',
38 silly addNameRange     '3.7.2',
38 silly addNameRange     '3.0.0-alpha1',
38 silly addNameRange     '3.0.0-alpha2',
38 silly addNameRange     '3.0.0-rc0',
38 silly addNameRange     '3.6.0-rc0',
38 silly addNameRange     '3.6.0-rc1',
38 silly addNameRange     '3.6.18',
38 silly addNameRange     '3.7.3',
38 silly addNameRange     '3.6.19',
38 silly addNameRange     '3.6.20',
38 silly addNameRange     '3.7.4',
38 silly addNameRange     '3.8.0',
38 silly addNameRange     '3.8.1',
38 silly addNameRange     '3.8.2',
38 silly addNameRange     '3.8.3',
38 silly addNameRange     '3.8.4',
38 silly addNameRange     '3.8.5',
38 silly addNameRange     '3.8.6',
38 silly addNameRange     '3.8.7',
38 silly addNameRange     '3.8.8',
38 silly addNameRange     '3.8.9',
38 silly addNameRange     '3.8.10',
38 silly addNameRange     '3.8.11',
38 silly addNameRange     '3.9.0',
38 silly addNameRange     '3.8.12',
38 silly addNameRange     '3.8.13',
38 silly addNameRange     '3.8.14',
38 silly addNameRange     '3.8.15',
38 silly addNameRange     '3.9.1',
38 silly addNameRange     '3.8.16',
38 silly addNameRange     '3.9.2',
38 silly addNameRange     '3.8.17',
38 silly addNameRange     '3.9.3',
38 silly addNameRange     '3.8.18',
38 silly addNameRange     '3.9.4',
38 silly addNameRange     '3.8.19',
38 silly addNameRange     '3.9.5',
38 silly addNameRange     '3.8.20',
38 silly addNameRange     '3.9.6',
38 silly addNameRange     '3.8.21',
38 silly addNameRange     '3.9.7',
38 silly addNameRange     '3.8.22',
38 silly addNameRange     '4.0.0-rc0',
38 silly addNameRange     '4.0.0-rc1',
38 silly addNameRange     '3.8.23',
38 silly addNameRange     '4.0.0-rc2',
38 silly addNameRange     '3.8.24',
38 silly addNameRange     '4.0.0-rc3',
38 silly addNameRange     '3.8.25',
38 silly addNameRange     '4.0.0-rc4',
38 silly addNameRange     '4.0.0',
38 silly addNameRange     '4.0.1',
38 silly addNameRange     '3.8.26',
38 silly addNameRange     '3.8.27',
38 silly addNameRange     '4.0.2',
38 silly addNameRange     '3.8.28',
38 silly addNameRange     '4.0.3',
38 silly addNameRange     '3.8.29',
38 silly addNameRange     '4.0.4',
38 silly addNameRange     '3.8.30',
38 silly addNameRange     '4.0.5',
38 silly addNameRange     '3.8.31',
38 silly addNameRange     '4.0.6',
38 silly addNameRange     '3.8.33',
38 silly addNameRange     '4.0.7' ] ]
39 silly addNamed mongoose@4.0.7
40 verbose addNamed "4.0.7" is a plain semver version for mongoose
41 silly cache afterAdd mongoose@4.0.7
42 verbose afterAdd /Users/SabastianMacBook/.npm/mongoose/4.0.7/package/package.json not in flight; writing
43 verbose afterAdd /Users/SabastianMacBook/.npm/mongoose/4.0.7/package/package.json written
44 silly install resolved [ { name: 'mongoose',
44 silly install resolved     description: 'Mongoose MongoDB ODM',
44 silly install resolved     version: '4.0.7',
44 silly install resolved     author: { name: 'Guillermo Rauch', email: 'guillermo@learnboost.com' },
44 silly install resolved     keywords:
44 silly install resolved      [ 'mongodb',
44 silly install resolved        'document',
44 silly install resolved        'model',
44 silly install resolved        'schema',
44 silly install resolved        'database',
44 silly install resolved        'odm',
44 silly install resolved        'data',
44 silly install resolved        'datastore',
44 silly install resolved        'query',
44 silly install resolved        'nosql',
44 silly install resolved        'orm',
44 silly install resolved        'db' ],
44 silly install resolved     license: 'MIT',
44 silly install resolved     dependencies:
44 silly install resolved      { async: '0.9.0',
44 silly install resolved        bson: '~0.3',
44 silly install resolved        'hooks-fixed': '1.0.1',
44 silly install resolved        kareem: '1.0.1',
44 silly install resolved        mongodb: '2.0.34',
44 silly install resolved        mpath: '0.1.1',
44 silly install resolved        mpromise: '0.5.4',
44 silly install resolved        mquery: '1.6.1',
44 silly install resolved        ms: '0.1.0',
44 silly install resolved        muri: '1.0.0',
44 silly install resolved        'regexp-clone': '0.0.1',
44 silly install resolved        sliced: '0.0.5' },
44 silly install resolved     devDependencies:
44 silly install resolved      { acquit: '0.0.3',
44 silly install resolved        benchmark: '1.0.0',
44 silly install resolved        co: '3.1.0',
44 silly install resolved        dox: '0.3.1',
44 silly install resolved        'highlight.js': '7.0.1',
44 silly install resolved        jade: '0.26.3',
44 silly install resolved        markdown: '0.3.1',
44 silly install resolved        marked: '0.3.2',
44 silly install resolved        mocha: '1.20.0',
44 silly install resolved        'node-static': '0.5.9',
44 silly install resolved        open: '0.0.3',
44 silly install resolved        tbd: '0.6.4',
44 silly install resolved        'uglify-js': '2.4.15',
44 silly install resolved        underscore: '1.5.2',
44 silly install resolved        istanbul: '^0.3.13' },
44 silly install resolved     browserDependencies:
44 silly install resolved      { browserify: '4.1.10',
44 silly install resolved        karma: '0.12.16',
44 silly install resolved        'karma-chai': '0.1.0',
44 silly install resolved        'karma-mocha': '0.1.4',
44 silly install resolved        'karma-chrome-launcher': '0.1.4',
44 silly install resolved        'karma-sauce-launcher': '0.2.8' },
44 silly install resolved     directories: { lib: './lib/mongoose' },
44 silly install resolved     scripts:
44 silly install resolved      { 'install-browser': 'npm install `node format_deps.js`',
44 silly install resolved        test: 'set MONGOOSE_DISABLE_STABILITY_WARNING=1 && mocha --async-only test/*.test.js',
44 silly install resolved        'test-cov': 'set MONGOOSE_DISABLE_STABILITY_WARNING=1 && node_modules/.bin/istanbul cover node_modules/.bin/_mocha --async-only test/*.test.js' },
44 silly install resolved     main: './index.js',
44 silly install resolved     engines: { node: '>=0.6.19' },
44 silly install resolved     bugs:
44 silly install resolved      { url: 'https://github.com/Automattic/mongoose/issues/new',
44 silly install resolved        email: 'mongoose-orm@googlegroups.com' },
44 silly install resolved     repository: { type: 'git', url: 'git://github.com/Automattic/mongoose.git' },
44 silly install resolved     homepage: 'http://mongoosejs.com',
44 silly install resolved     browser: 'lib/browser.js',
44 silly install resolved     gitHead: '04659aedf411b4e0b00ca013698dde06bef0ef15',
44 silly install resolved     _id: 'mongoose@4.0.7',
44 silly install resolved     _shasum: '189d24d42cf0ccf419e392ea0b535c2b5f456767',
44 silly install resolved     _from: 'mongoose@>=4.0.7 <5.0.0',
44 silly install resolved     _npmVersion: '2.9.1',
44 silly install resolved     _nodeVersion: '0.12.3',
44 silly install resolved     _npmUser: { name: 'vkarpov15', email: 'val@karpov.io' },
44 silly install resolved     dist:
44 silly install resolved      { shasum: '189d24d42cf0ccf419e392ea0b535c2b5f456767',
44 silly install resolved        tarball: 'http://registry.npmjs.org/mongoose/-/mongoose-4.0.7.tgz' },
44 silly install resolved     maintainers: [ [Object], [Object], [Object], [Object], [Object] ],
44 silly install resolved     _resolved: 'https://registry.npmjs.org/mongoose/-/mongoose-4.0.7.tgz',
44 silly install resolved     readme: 'ERROR: No README data found!' } ]
45 info install mongoose@4.0.7 into /Users/SabastianMacBook/Code/WDI-0401
46 info installOne mongoose@4.0.7
47 verbose installOne of mongoose to /Users/SabastianMacBook/Code/WDI-0401 not in flight; installing
48 verbose lock using /Users/SabastianMacBook/.npm/_locks/mongoose-b5808fe209c53f96.lock for /Users/SabastianMacBook/Code/WDI-0401/node_modules/mongoose
49 silly install write writing mongoose 4.0.7 to /Users/SabastianMacBook/Code/WDI-0401/node_modules/mongoose
50 verbose unbuild node_modules/mongoose
51 info preuninstall mongoose@4.0.7
52 info uninstall mongoose@4.0.7
53 verbose unbuild rmStuff mongoose@4.0.7 from /Users/SabastianMacBook/Code/WDI-0401/node_modules
54 info postuninstall mongoose@4.0.7
55 silly gentlyRm /Users/SabastianMacBook/Code/WDI-0401/node_modules/mongoose is being purged from base /Users/SabastianMacBook/Code/WDI-0401
56 verbose gentlyRm don't care about contents; nuking /Users/SabastianMacBook/Code/WDI-0401/node_modules/mongoose
57 silly vacuum-fs purging /Users/SabastianMacBook/Code/WDI-0401/node_modules/mongoose
58 verbose unlock done using /Users/SabastianMacBook/.npm/_locks/mongoose-b5808fe209c53f96.lock for /Users/SabastianMacBook/Code/WDI-0401/node_modules/mongoose
59 verbose stack Error: EACCES, unlink '/Users/SabastianMacBook/Code/WDI-0401/node_modules/mongoose/node_modules/bson/node_modules/bson-ext/node_modules/.bin/node-pre-gyp'
59 verbose stack     at Error (native)
60 verbose cwd /Users/SabastianMacBook/Code/WDI-0401
61 error Darwin 14.4.0
62 error argv "node" "/usr/local/bin/npm" "install" "--save" "mongoose"
63 error node v0.12.5
64 error npm  v2.11.2
65 error path /Users/SabastianMacBook/Code/WDI-0401/node_modules/mongoose/node_modules/bson/node_modules/bson-ext/node_modules/.bin/node-pre-gyp
66 error code EACCES
67 error errno -13
68 error Error: EACCES, unlink '/Users/SabastianMacBook/Code/WDI-0401/node_modules/mongoose/node_modules/bson/node_modules/bson-ext/node_modules/.bin/node-pre-gyp'
68 error     at Error (native)
68 error  { [Error: EACCES, unlink '/Users/SabastianMacBook/Code/WDI-0401/node_modules/mongoose/node_modules/bson/node_modules/bson-ext/node_modules/.bin/node-pre-gyp']
68 error   errno: -13,
68 error   code: 'EACCES',
68 error   path: '/Users/SabastianMacBook/Code/WDI-0401/node_modules/mongoose/node_modules/bson/node_modules/bson-ext/node_modules/.bin/node-pre-gyp' }
69 error Please try running this command again as root/Administrator.
70 verbose exit [ -13, true ]
71 verbose unbuild node_modules/mongoose
72 silly gentlyRm /Users/SabastianMacBook/Code/WDI-0401/node_modules/mongoose is being purged from base /Users/SabastianMacBook/Code/WDI-0401
73 verbose gentlyRm don't care about contents; nuking /Users/SabastianMacBook/Code/WDI-0401/node_modules/mongoose
74 silly vacuum-fs purging /Users/SabastianMacBook/Code/WDI-0401/node_modules/mongoose
75 error error rolling back Error: EACCES, unlink '/Users/SabastianMacBook/Code/WDI-0401/node_modules/mongoose/node_modules/bson/node_modules/bson-ext/node_modules/.bin/node-pre-gyp'
75 error error rolling back     at Error (native)
75 error error rolling back  { [Error: EACCES, unlink '/Users/SabastianMacBook/Code/WDI-0401/node_modules/mongoose/node_modules/bson/node_modules/bson-ext/node_modules/.bin/node-pre-gyp']
75 error error rolling back   errno: -13,
75 error error rolling back   code: 'EACCES',
75 error error rolling back   path: '/Users/SabastianMacBook/Code/WDI-0401/node_modules/mongoose/node_modules/bson/node_modules/bson-ext/node_modules/.bin/node-pre-gyp' }
